{
  "C:\\Users\\Javier\\git\\imputador\\src\\lib\\TaskForm.svelte": {
    "path": "C:\\Users\\Javier\\git\\imputador\\src\\lib\\TaskForm.svelte",
    "statementMap": {
      "0": {
        "start": { "line": 11, "column": 13 },
        "end": { "line": 11, "column": null }
      },
      "1": {
        "start": { "line": 12, "column": 16 },
        "end": { "line": 12, "column": null }
      },
      "2": {
        "start": { "line": 15, "column": 18 },
        "end": { "line": 15, "column": null }
      },
      "3": {
        "start": { "line": 17, "column": 17 },
        "end": { "line": 17, "column": null }
      },
      "4": {
        "start": { "line": 20, "column": 4 },
        "end": { "line": 20, "column": null }
      },
      "5": {
        "start": { "line": 21, "column": 17 },
        "end": { "line": 21, "column": 32 }
      },
      "6": {
        "start": { "line": 22, "column": 4 },
        "end": { "line": 22, "column": null }
      },
      "7": {
        "start": { "line": 24, "column": 18 },
        "end": { "line": 24, "column": null }
      },
      "8": {
        "start": { "line": 25, "column": 18 },
        "end": { "line": 25, "column": null }
      },
      "9": {
        "start": { "line": 26, "column": 25 },
        "end": { "line": 26, "column": 72 }
      },
      "10": {
        "start": { "line": 27, "column": 20 },
        "end": { "line": 27, "column": null }
      },
      "11": {
        "start": { "line": 28, "column": 21 },
        "end": { "line": 28, "column": null }
      },
      "12": {
        "start": { "line": 29, "column": 25 },
        "end": { "line": 29, "column": null }
      },
      "13": {
        "start": { "line": 30, "column": 23 },
        "end": { "line": 30, "column": null }
      },
      "14": {
        "start": { "line": 32, "column": 9 },
        "end": { "line": 35, "column": 5 }
      },
      "15": {
        "start": { "line": 33, "column": 8 },
        "end": { "line": 33, "column": null }
      },
      "16": {
        "start": { "line": 37, "column": 15 },
        "end": { "line": 37, "column": null }
      },
      "17": {
        "start": { "line": 38, "column": 13 },
        "end": { "line": 38, "column": null }
      },
      "18": {
        "start": { "line": 40, "column": 8 },
        "end": { "line": 43, "column": 5 }
      },
      "19": {
        "start": { "line": 41, "column": 6 },
        "end": { "line": 41, "column": null }
      },
      "20": {
        "start": { "line": 45, "column": 8 },
        "end": { "line": 63, "column": 5 }
      },
      "21": {
        "start": { "line": 46, "column": 12 },
        "end": { "line": 52, "column": null }
      },
      "22": {
        "start": { "line": 55, "column": 10 },
        "end": { "line": 57, "column": 7 }
      },
      "23": {
        "start": { "line": 56, "column": 14 },
        "end": { "line": 56, "column": null }
      },
      "24": {
        "start": { "line": 59, "column": 6 },
        "end": { "line": 59, "column": null }
      },
      "25": {
        "start": { "line": 61, "column": 6 },
        "end": { "line": 61, "column": null }
      },
      "26": {
        "start": { "line": 62, "column": 6 },
        "end": { "line": 62, "column": null }
      },
      "27": {
        "start": { "line": 67, "column": 5 },
        "end": { "line": 67, "column": 16 }
      },
      "28": {
        "start": { "line": 83, "column": 6 },
        "end": { "line": 67, "column": 16 }
      },
      "29": {
        "start": { "line": 85, "column": 11 },
        "end": { "line": 83, "column": null }
      },
      "30": {
        "start": { "line": 85, "column": 5 },
        "end": { "line": 87, "column": 23 }
      },
      "31": {
        "start": { "line": 86, "column": 13 },
        "end": { "line": 86, "column": 22 }
      },
      "32": {
        "start": { "line": 87, "column": 15 },
        "end": { "line": 87, "column": 23 }
      },
      "33": {
        "start": { "line": 87, "column": 9 },
        "end": { "line": 87, "column": 23 }
      },
      "34": {
        "start": { "line": 87, "column": 30 },
        "end": { "line": 87, "column": null }
      },
      "35": {
        "start": { "line": 87, "column": 23 },
        "end": { "line": 87, "column": 30 }
      },
      "36": {
        "start": { "line": 87, "column": 9 },
        "end": { "line": 87, "column": 30 }
      },
      "37": {
        "start": { "line": 85, "column": 5 },
        "end": { "line": 85, "column": null }
      },
      "38": {
        "start": { "line": 83, "column": 3 },
        "end": { "line": 83, "column": null }
      },
      "39": {
        "start": { "line": 103, "column": 6 },
        "end": { "line": 103, "column": 35 }
      },
      "40": {
        "start": { "line": 103, "column": 5 },
        "end": { "line": 103, "column": 35 }
      },
      "41": {
        "start": { "line": 103, "column": 35 },
        "end": { "line": 103, "column": null }
      },
      "42": {
        "start": { "line": 102, "column": 7 },
        "end": { "line": 102, "column": null }
      },
      "43": {
        "start": { "line": 102, "column": 19 },
        "end": { "line": 102, "column": null }
      },
      "44": {
        "start": { "line": 67, "column": 1 },
        "end": { "line": 67, "column": 16 }
      },
      "45": {
        "start": { "line": 67, "column": 1 },
        "end": { "line": 67, "column": null }
      }
    },
    "fnMap": {
      "0": {
        "name": "TaskForm",
        "decl": {
          "start": { "line": 1, "column": 0 },
          "end": { "line": 1, "column": 1 }
        },
        "loc": {
          "start": { "line": 1, "column": 0 },
          "end": { "line": 65, "column": 9 }
        },
        "line": 1
      },
      "1": {
        "name": "(anonymous_1)",
        "decl": {
          "start": { "line": 11, "column": 13 },
          "end": { "line": 11, "column": 20 }
        },
        "loc": {
          "start": { "line": 11, "column": 13 },
          "end": { "line": 11, "column": null }
        },
        "line": 11
      },
      "2": {
        "name": "(anonymous_2)",
        "decl": {
          "start": { "line": 12, "column": 16 },
          "end": { "line": 12, "column": 23 }
        },
        "loc": {
          "start": { "line": 12, "column": 16 },
          "end": { "line": 12, "column": null }
        },
        "line": 12
      },
      "3": {
        "name": "handleSubmit",
        "decl": {
          "start": { "line": 19, "column": 17 },
          "end": { "line": 19, "column": 29 }
        },
        "loc": {
          "start": { "line": 19, "column": 46 },
          "end": { "line": 64, "column": 3 }
        },
        "line": 19
      },
      "4": {
        "name": "(anonymous_4)",
        "decl": {
          "start": { "line": 85, "column": 5 },
          "end": { "line": 85, "column": 11 }
        },
        "loc": {
          "start": { "line": 85, "column": 5 },
          "end": { "line": 87, "column": 23 }
        },
        "line": 85
      },
      "5": {
        "name": "(anonymous_5)",
        "decl": {
          "start": { "line": 85, "column": 11 },
          "end": { "line": 85, "column": null }
        },
        "loc": {
          "start": { "line": 86, "column": 13 },
          "end": { "line": 86, "column": 22 }
        },
        "line": 86
      },
      "6": {
        "name": "(anonymous_6)",
        "decl": {
          "start": { "line": 86, "column": 22 },
          "end": { "line": 86, "column": 26 }
        },
        "loc": {
          "start": { "line": 86, "column": 30 },
          "end": { "line": 87, "column": 23 }
        },
        "line": 86
      },
      "7": {
        "name": "(anonymous_7)",
        "decl": {
          "start": { "line": 103, "column": 35 },
          "end": { "line": 103, "column": 47 }
        },
        "loc": {
          "start": { "line": 103, "column": 35 },
          "end": { "line": 103, "column": null }
        },
        "line": 103
      }
    },
    "branchMap": {
      "0": {
        "loc": {
          "start": { "line": 26, "column": 25 },
          "end": { "line": 26, "column": 72 }
        },
        "type": "binary-expr",
        "locations": [
          {
            "start": { "line": 26, "column": 25 },
            "end": { "line": 26, "column": 67 }
          },
          {
            "start": { "line": 26, "column": 67 },
            "end": { "line": 26, "column": 72 }
          }
        ],
        "line": 26
      },
      "1": {
        "loc": {
          "start": { "line": 32, "column": 9 },
          "end": { "line": 35, "column": 5 }
        },
        "type": "if",
        "locations": [
          {
            "start": { "line": 32, "column": 9 },
            "end": { "line": 35, "column": 5 }
          },
          { "start": {}, "end": {} }
        ],
        "line": 32
      },
      "2": {
        "loc": {
          "start": { "line": 32, "column": 9 },
          "end": { "line": 32, "column": 36 }
        },
        "type": "binary-expr",
        "locations": [
          {
            "start": { "line": 32, "column": 9 },
            "end": { "line": 32, "column": 21 }
          },
          {
            "start": { "line": 32, "column": 21 },
            "end": { "line": 32, "column": 36 }
          }
        ],
        "line": 32
      },
      "3": {
        "loc": {
          "start": { "line": 40, "column": 8 },
          "end": { "line": 43, "column": 5 }
        },
        "type": "if",
        "locations": [
          {
            "start": { "line": 40, "column": 8 },
            "end": { "line": 43, "column": 5 }
          },
          { "start": {}, "end": {} }
        ],
        "line": 40
      },
      "4": {
        "loc": {
          "start": { "line": 55, "column": 10 },
          "end": { "line": 57, "column": 7 }
        },
        "type": "if",
        "locations": [
          {
            "start": { "line": 55, "column": 10 },
            "end": { "line": 57, "column": 7 }
          },
          { "start": {}, "end": {} }
        ],
        "line": 55
      },
      "5": {
        "loc": {
          "start": { "line": 87, "column": 23 },
          "end": { "line": 87, "column": 30 }
        },
        "type": "if",
        "locations": [
          {
            "start": { "line": 87, "column": 23 },
            "end": { "line": 87, "column": 30 }
          },
          { "start": {}, "end": {} }
        ],
        "line": 87
      },
      "6": {
        "loc": {
          "start": { "line": 87, "column": 15 },
          "end": { "line": 87, "column": 30 }
        },
        "type": "binary-expr",
        "locations": [
          {
            "start": { "line": 87, "column": 9 },
            "end": { "line": 87, "column": 30 }
          },
          {
            "start": { "line": 87, "column": 27 },
            "end": { "line": 87, "column": 30 }
          }
        ],
        "line": 87
      },
      "7": {
        "loc": {
          "start": { "line": 102, "column": 7 },
          "end": { "line": 102, "column": null }
        },
        "type": "if",
        "locations": [
          {
            "start": { "line": 102, "column": 7 },
            "end": { "line": 102, "column": null }
          },
          { "start": {}, "end": {} }
        ],
        "line": 102
      }
    },
    "s": {
      "0": 0,
      "1": 0,
      "2": 4,
      "3": 4,
      "4": 3,
      "5": 3,
      "6": 3,
      "7": 3,
      "8": 3,
      "9": 3,
      "10": 3,
      "11": 3,
      "12": 3,
      "13": 3,
      "14": 3,
      "15": 1,
      "16": 2,
      "17": 2,
      "18": 2,
      "19": 0,
      "20": 2,
      "21": 2,
      "22": 1,
      "23": 1,
      "24": 1,
      "25": 1,
      "26": 1,
      "27": 4,
      "28": 4,
      "29": 4,
      "30": 4,
      "31": 4,
      "32": 20,
      "33": 20,
      "34": 20,
      "35": 20,
      "36": 20,
      "37": 4,
      "38": 4,
      "39": 2,
      "40": 2,
      "41": 2,
      "42": 6,
      "43": 2,
      "44": 4,
      "45": 4
    },
    "f": { "0": 4, "1": 0, "2": 0, "3": 3, "4": 4, "5": 4, "6": 20, "7": 2 },
    "b": {
      "0": [3, 3],
      "1": [1, 2],
      "2": [3, 2],
      "3": [0, 2],
      "4": [1, 0],
      "5": [20, 0],
      "6": [20, 0],
      "7": [2, 4]
    },
    "meta": {
      "lastBranch": 8,
      "lastFunction": 8,
      "lastStatement": 46,
      "seen": {
        "f:1:0:1:1": 0,
        "s:11:13:11:Infinity": 0,
        "f:11:13:11:20": 1,
        "s:12:16:12:Infinity": 1,
        "f:12:16:12:23": 2,
        "s:15:18:15:Infinity": 2,
        "s:17:17:17:Infinity": 3,
        "f:19:17:19:29": 3,
        "s:20:4:20:Infinity": 4,
        "s:21:17:21:32": 5,
        "s:22:4:22:Infinity": 6,
        "s:24:18:24:Infinity": 7,
        "s:25:18:25:Infinity": 8,
        "s:26:25:26:72": 9,
        "b:26:25:26:67:26:67:26:72": 0,
        "s:27:20:27:Infinity": 10,
        "s:28:21:28:Infinity": 11,
        "s:29:25:29:Infinity": 12,
        "s:30:23:30:Infinity": 13,
        "b:32:9:35:5:undefined:undefined:undefined:undefined": 1,
        "s:32:9:35:5": 14,
        "b:32:9:32:21:32:21:32:36": 2,
        "s:33:8:33:Infinity": 15,
        "s:37:15:37:Infinity": 16,
        "s:38:13:38:Infinity": 17,
        "b:40:8:43:5:undefined:undefined:undefined:undefined": 3,
        "s:40:8:43:5": 18,
        "s:41:6:41:Infinity": 19,
        "s:45:8:63:5": 20,
        "s:46:12:52:Infinity": 21,
        "b:55:10:57:7:undefined:undefined:undefined:undefined": 4,
        "s:55:10:57:7": 22,
        "s:56:14:56:Infinity": 23,
        "s:59:6:59:Infinity": 24,
        "s:61:6:61:Infinity": 25,
        "s:62:6:62:Infinity": 26,
        "s:67:5:67:16": 27,
        "s:83:6:67:16": 28,
        "s:85:11:83:Infinity": 29,
        "f:85:5:85:11": 4,
        "s:85:5:87:23": 30,
        "f:85:11:85:Infinity": 5,
        "s:86:13:86:22": 31,
        "f:86:22:86:26": 6,
        "s:87:15:87:23": 32,
        "s:87:9:87:23": 33,
        "s:87:30:87:Infinity": 34,
        "b:87:23:87:30:undefined:undefined:undefined:undefined": 5,
        "s:87:23:87:30": 35,
        "s:87:9:87:30": 36,
        "b:87:9:87:30:87:27:87:30": 6,
        "s:85:5:85:Infinity": 37,
        "s:83:3:83:Infinity": 38,
        "s:103:6:103:35": 39,
        "s:103:5:103:35": 40,
        "s:103:35:103:Infinity": 41,
        "f:103:35:103:47": 7,
        "b:102:7:102:Infinity:undefined:undefined:undefined:undefined": 7,
        "s:102:7:102:Infinity": 42,
        "s:102:19:102:Infinity": 43,
        "s:67:1:67:16": 44,
        "s:67:1:67:Infinity": 45
      }
    }
  },
  "C:\\Users\\Javier\\git\\imputador\\src\\lib\\db.ts": {
    "path": "C:\\Users\\Javier\\git\\imputador\\src\\lib\\db.ts",
    "statementMap": {
      "0": {
        "start": { "line": 33, "column": 2 },
        "end": { "line": 48, "column": null }
      },
      "1": {
        "start": { "line": 36, "column": 24 },
        "end": { "line": 39, "column": 8 }
      },
      "2": {
        "start": { "line": 40, "column": 6 },
        "end": { "line": 40, "column": null }
      },
      "3": {
        "start": { "line": 43, "column": 27 },
        "end": { "line": 45, "column": 8 }
      },
      "4": {
        "start": { "line": 46, "column": 6 },
        "end": { "line": 46, "column": null }
      }
    },
    "fnMap": {
      "0": {
        "name": "initDB",
        "decl": {
          "start": { "line": 30, "column": 22 },
          "end": { "line": 30, "column": null }
        },
        "loc": {
          "start": { "line": 32, "column": 25 },
          "end": { "line": 48, "column": null }
        },
        "line": 32
      },
      "1": {
        "name": "(anonymous_1)",
        "decl": {
          "start": { "line": 34, "column": 4 },
          "end": { "line": 34, "column": 12 }
        },
        "loc": {
          "start": { "line": 34, "column": 16 },
          "end": { "line": 48, "column": 4 }
        },
        "line": 34
      }
    },
    "branchMap": {
      "0": {
        "loc": {
          "start": { "line": 31, "column": 2 },
          "end": { "line": 31, "column": null }
        },
        "type": "default-arg",
        "locations": [
          {
            "start": { "line": 31, "column": 19 },
            "end": { "line": 31, "column": null }
          }
        ],
        "line": 31
      }
    },
    "s": { "0": 20, "1": 9, "2": 9, "3": 9, "4": 9 },
    "f": { "0": 20, "1": 9 },
    "b": { "0": [20] },
    "meta": {
      "lastBranch": 1,
      "lastFunction": 2,
      "lastStatement": 5,
      "seen": {
        "f:30:22:30:Infinity": 0,
        "b:31:19:31:Infinity": 0,
        "s:33:2:48:Infinity": 0,
        "f:34:4:34:12": 1,
        "s:36:24:39:8": 1,
        "s:40:6:40:Infinity": 2,
        "s:43:27:45:8": 3,
        "s:46:6:46:Infinity": 4
      }
    }
  },
  "C:\\Users\\Javier\\git\\imputador\\src\\lib\\index.ts": {
    "path": "C:\\Users\\Javier\\git\\imputador\\src\\lib\\index.ts",
    "statementMap": {},
    "fnMap": {},
    "branchMap": {},
    "s": {},
    "f": {},
    "b": {},
    "meta": {
      "lastBranch": 0,
      "lastFunction": 0,
      "lastStatement": 0,
      "seen": {}
    }
  },
  "C:\\Users\\Javier\\git\\imputador\\src\\lib\\projectStore.ts": {
    "path": "C:\\Users\\Javier\\git\\imputador\\src\\lib\\projectStore.ts",
    "statementMap": {
      "0": {
        "start": { "line": 10, "column": 4 },
        "end": { "line": 10, "column": null }
      },
      "1": {
        "start": { "line": 18, "column": 15 },
        "end": { "line": 18, "column": 40 }
      },
      "2": {
        "start": { "line": 19, "column": 29 },
        "end": { "line": 22, "column": null }
      },
      "3": {
        "start": { "line": 23, "column": 4 },
        "end": { "line": 23, "column": null }
      },
      "4": {
        "start": { "line": 32, "column": 15 },
        "end": { "line": 32, "column": 40 }
      },
      "5": {
        "start": { "line": 33, "column": 15 },
        "end": { "line": 33, "column": 53 }
      },
      "6": {
        "start": { "line": 34, "column": 18 },
        "end": { "line": 34, "column": 44 }
      },
      "7": {
        "start": { "line": 38, "column": 21 },
        "end": { "line": 38, "column": 41 }
      },
      "8": {
        "start": { "line": 39, "column": 23 },
        "end": { "line": 39, "column": 42 }
      },
      "9": {
        "start": { "line": 41, "column": 4 },
        "end": { "line": 43, "column": null }
      },
      "10": {
        "start": { "line": 42, "column": 21 },
        "end": { "line": 42, "column": 64 }
      },
      "11": {
        "start": { "line": 43, "column": 22 },
        "end": { "line": 43, "column": 69 }
      },
      "12": {
        "start": { "line": 52, "column": 15 },
        "end": { "line": 52, "column": 40 }
      },
      "13": {
        "start": { "line": 53, "column": 15 },
        "end": { "line": 53, "column": 53 }
      },
      "14": {
        "start": { "line": 54, "column": 18 },
        "end": { "line": 54, "column": 44 }
      },
      "15": {
        "start": { "line": 55, "column": 18 },
        "end": { "line": 55, "column": 43 }
      },
      "16": {
        "start": { "line": 58, "column": 32 },
        "end": { "line": 58, "column": 34 }
      },
      "17": {
        "start": { "line": 59, "column": 17 },
        "end": { "line": 59, "column": 53 }
      },
      "18": {
        "start": { "line": 61, "column": 4 },
        "end": { "line": 63, "column": null }
      },
      "19": {
        "start": { "line": 62, "column": 6 },
        "end": { "line": 62, "column": null }
      },
      "20": {
        "start": { "line": 63, "column": 6 },
        "end": { "line": 63, "column": null }
      },
      "21": {
        "start": { "line": 66, "column": 4 },
        "end": { "line": 66, "column": null }
      }
    },
    "fnMap": {
      "0": {
        "name": "(anonymous_0)",
        "decl": {
          "start": { "line": 9, "column": 2 },
          "end": { "line": 9, "column": 14 }
        },
        "loc": {
          "start": { "line": 9, "column": 47 },
          "end": { "line": 10, "column": null }
        },
        "line": 9
      },
      "1": {
        "name": "(anonymous_1)",
        "decl": {
          "start": { "line": 17, "column": 8 },
          "end": { "line": 17, "column": 22 }
        },
        "loc": {
          "start": { "line": 17, "column": 51 },
          "end": { "line": 23, "column": null }
        },
        "line": 17
      },
      "2": {
        "name": "(anonymous_2)",
        "decl": {
          "start": { "line": 31, "column": 8 },
          "end": { "line": 31, "column": 23 }
        },
        "loc": {
          "start": { "line": 31, "column": 58 },
          "end": { "line": 43, "column": null }
        },
        "line": 31
      },
      "3": {
        "name": "(anonymous_3)",
        "decl": {
          "start": { "line": 42, "column": 7 },
          "end": { "line": 42, "column": 15 }
        },
        "loc": {
          "start": { "line": 42, "column": 21 },
          "end": { "line": 42, "column": 64 }
        },
        "line": 42
      },
      "4": {
        "name": "(anonymous_4)",
        "decl": {
          "start": { "line": 43, "column": 7 },
          "end": { "line": 43, "column": 13 }
        },
        "loc": {
          "start": { "line": 43, "column": 22 },
          "end": { "line": 43, "column": 69 }
        },
        "line": 43
      },
      "5": {
        "name": "(anonymous_5)",
        "decl": {
          "start": { "line": 51, "column": 8 },
          "end": { "line": 51, "column": 26 }
        },
        "loc": {
          "start": { "line": 51, "column": 66 },
          "end": { "line": 66, "column": null }
        },
        "line": 51
      }
    },
    "branchMap": {
      "0": {
        "loc": {
          "start": { "line": 9, "column": 14 },
          "end": { "line": 9, "column": 47 }
        },
        "type": "default-arg",
        "locations": [
          {
            "start": { "line": 9, "column": 31 },
            "end": { "line": 9, "column": 47 }
          }
        ],
        "line": 9
      },
      "1": {
        "loc": {
          "start": { "line": 51, "column": 26 },
          "end": { "line": 51, "column": 66 }
        },
        "type": "default-arg",
        "locations": [
          {
            "start": { "line": 51, "column": 42 },
            "end": { "line": 51, "column": 66 }
          }
        ],
        "line": 51
      },
      "2": {
        "loc": {
          "start": { "line": 61, "column": 11 },
          "end": { "line": 61, "column": 46 }
        },
        "type": "binary-expr",
        "locations": [
          {
            "start": { "line": 61, "column": 11 },
            "end": { "line": 61, "column": 21 }
          },
          {
            "start": { "line": 61, "column": 21 },
            "end": { "line": 61, "column": 46 }
          }
        ],
        "line": 61
      }
    },
    "s": {
      "0": 3,
      "1": 5,
      "2": 5,
      "3": 5,
      "4": 3,
      "5": 3,
      "6": 3,
      "7": 3,
      "8": 3,
      "9": 3,
      "10": 3,
      "11": 0,
      "12": 1,
      "13": 1,
      "14": 1,
      "15": 1,
      "16": 1,
      "17": 1,
      "18": 1,
      "19": 2,
      "20": 2,
      "21": 1
    },
    "f": { "0": 3, "1": 5, "2": 3, "3": 3, "4": 0, "5": 1 },
    "b": { "0": [3], "1": [1], "2": [1, 2] },
    "meta": {
      "lastBranch": 3,
      "lastFunction": 6,
      "lastStatement": 22,
      "seen": {
        "f:9:2:9:14": 0,
        "b:9:31:9:47": 0,
        "s:10:4:10:Infinity": 0,
        "f:17:8:17:22": 1,
        "s:18:15:18:40": 1,
        "s:19:29:22:Infinity": 2,
        "s:23:4:23:Infinity": 3,
        "f:31:8:31:23": 2,
        "s:32:15:32:40": 4,
        "s:33:15:33:53": 5,
        "s:34:18:34:44": 6,
        "s:38:21:38:41": 7,
        "s:39:23:39:42": 8,
        "s:41:4:43:Infinity": 9,
        "f:42:7:42:15": 3,
        "s:42:21:42:64": 10,
        "f:43:7:43:13": 4,
        "s:43:22:43:69": 11,
        "f:51:8:51:26": 5,
        "b:51:42:51:66": 1,
        "s:52:15:52:40": 12,
        "s:53:15:53:53": 13,
        "s:54:18:54:44": 14,
        "s:55:18:55:43": 15,
        "s:58:32:58:34": 16,
        "s:59:17:59:53": 17,
        "s:61:4:63:Infinity": 18,
        "b:61:11:61:21:61:21:61:46": 2,
        "s:62:6:62:Infinity": 19,
        "s:63:6:63:Infinity": 20,
        "s:66:4:66:Infinity": 21
      }
    }
  },
  "C:\\Users\\Javier\\git\\imputador\\src\\lib\\taskStore.ts": {
    "path": "C:\\Users\\Javier\\git\\imputador\\src\\lib\\taskStore.ts",
    "statementMap": {
      "0": {
        "start": { "line": 10, "column": 4 },
        "end": { "line": 10, "column": null }
      },
      "1": {
        "start": { "line": 19, "column": 15 },
        "end": { "line": 19, "column": 40 }
      },
      "2": {
        "start": { "line": 20, "column": 15 },
        "end": { "line": 20, "column": 42 }
      },
      "3": {
        "start": { "line": 21, "column": 4 },
        "end": { "line": 21, "column": null }
      },
      "4": {
        "start": { "line": 30, "column": 15 },
        "end": { "line": 30, "column": 40 }
      },
      "5": {
        "start": { "line": 31, "column": 23 },
        "end": { "line": 31, "column": 37 }
      },
      "6": {
        "start": { "line": 32, "column": 4 },
        "end": { "line": 32, "column": null }
      },
      "7": {
        "start": { "line": 34, "column": 21 },
        "end": { "line": 34, "column": 35 }
      },
      "8": {
        "start": { "line": 35, "column": 4 },
        "end": { "line": 35, "column": null }
      },
      "9": {
        "start": { "line": 37, "column": 18 },
        "end": { "line": 37, "column": 57 }
      },
      "10": {
        "start": { "line": 38, "column": 4 },
        "end": { "line": 38, "column": null }
      },
      "11": {
        "start": { "line": 47, "column": 15 },
        "end": { "line": 47, "column": 40 }
      },
      "12": {
        "start": { "line": 48, "column": 15 },
        "end": { "line": 48, "column": 51 }
      },
      "13": {
        "start": { "line": 49, "column": 18 },
        "end": { "line": 49, "column": 41 }
      },
      "14": {
        "start": { "line": 51, "column": 17 },
        "end": { "line": 51, "column": 36 }
      },
      "15": {
        "start": { "line": 52, "column": 4 },
        "end": { "line": 53, "column": null }
      },
      "16": {
        "start": { "line": 53, "column": 6 },
        "end": { "line": 53, "column": null }
      },
      "17": {
        "start": { "line": 56, "column": 24 },
        "end": { "line": 56, "column": null }
      },
      "18": {
        "start": { "line": 57, "column": 4 },
        "end": { "line": 57, "column": null }
      },
      "19": {
        "start": { "line": 58, "column": 4 },
        "end": { "line": 58, "column": null }
      },
      "20": {
        "start": { "line": 66, "column": 15 },
        "end": { "line": 66, "column": 40 }
      },
      "21": {
        "start": { "line": 67, "column": 4 },
        "end": { "line": 67, "column": null }
      }
    },
    "fnMap": {
      "0": {
        "name": "(anonymous_0)",
        "decl": {
          "start": { "line": 9, "column": 2 },
          "end": { "line": 9, "column": 14 }
        },
        "loc": {
          "start": { "line": 9, "column": 47 },
          "end": { "line": 10, "column": null }
        },
        "line": 9
      },
      "1": {
        "name": "(anonymous_1)",
        "decl": {
          "start": { "line": 18, "column": 8 },
          "end": { "line": 18, "column": 16 }
        },
        "loc": {
          "start": { "line": 18, "column": 57 },
          "end": { "line": 21, "column": null }
        },
        "line": 18
      },
      "2": {
        "name": "(anonymous_2)",
        "decl": {
          "start": { "line": 29, "column": 8 },
          "end": { "line": 29, "column": 23 }
        },
        "loc": {
          "start": { "line": 29, "column": 52 },
          "end": { "line": 38, "column": null }
        },
        "line": 29
      },
      "3": {
        "name": "(anonymous_3)",
        "decl": {
          "start": { "line": 46, "column": 8 },
          "end": { "line": 46, "column": 19 }
        },
        "loc": {
          "start": { "line": 46, "column": 70 },
          "end": { "line": 58, "column": null }
        },
        "line": 46
      },
      "4": {
        "name": "(anonymous_4)",
        "decl": {
          "start": { "line": 65, "column": 8 },
          "end": { "line": 65, "column": 19 }
        },
        "loc": {
          "start": { "line": 65, "column": 46 },
          "end": { "line": 67, "column": null }
        },
        "line": 65
      }
    },
    "branchMap": {
      "0": {
        "loc": {
          "start": { "line": 9, "column": 14 },
          "end": { "line": 9, "column": 47 }
        },
        "type": "default-arg",
        "locations": [
          {
            "start": { "line": 9, "column": 31 },
            "end": { "line": 9, "column": 47 }
          }
        ],
        "line": 9
      },
      "1": {
        "loc": {
          "start": { "line": 52, "column": 4 },
          "end": { "line": 53, "column": null }
        },
        "type": "if",
        "locations": [
          {
            "start": { "line": 52, "column": 4 },
            "end": { "line": 53, "column": null }
          },
          { "start": {}, "end": {} }
        ],
        "line": 52
      }
    },
    "s": {
      "0": 4,
      "1": 3,
      "2": 3,
      "3": 3,
      "4": 3,
      "5": 3,
      "6": 3,
      "7": 3,
      "8": 3,
      "9": 3,
      "10": 3,
      "11": 2,
      "12": 2,
      "13": 2,
      "14": 2,
      "15": 2,
      "16": 1,
      "17": 1,
      "18": 1,
      "19": 1,
      "20": 1,
      "21": 1
    },
    "f": { "0": 4, "1": 3, "2": 3, "3": 2, "4": 1 },
    "b": { "0": [4], "1": [1, 1] },
    "meta": {
      "lastBranch": 2,
      "lastFunction": 5,
      "lastStatement": 22,
      "seen": {
        "f:9:2:9:14": 0,
        "b:9:31:9:47": 0,
        "s:10:4:10:Infinity": 0,
        "f:18:8:18:16": 1,
        "s:19:15:19:40": 1,
        "s:20:15:20:42": 2,
        "s:21:4:21:Infinity": 3,
        "f:29:8:29:23": 2,
        "s:30:15:30:40": 4,
        "s:31:23:31:37": 5,
        "s:32:4:32:Infinity": 6,
        "s:34:21:34:35": 7,
        "s:35:4:35:Infinity": 8,
        "s:37:18:37:57": 9,
        "s:38:4:38:Infinity": 10,
        "f:46:8:46:19": 3,
        "s:47:15:47:40": 11,
        "s:48:15:48:51": 12,
        "s:49:18:49:41": 13,
        "s:51:17:51:36": 14,
        "b:52:4:53:Infinity:undefined:undefined:undefined:undefined": 1,
        "s:52:4:53:Infinity": 15,
        "s:53:6:53:Infinity": 16,
        "s:56:24:56:Infinity": 17,
        "s:57:4:57:Infinity": 18,
        "s:58:4:58:Infinity": 19,
        "f:65:8:65:19": 4,
        "s:66:15:66:40": 20,
        "s:67:4:67:Infinity": 21
      }
    }
  },
  "C:\\Users\\Javier\\git\\imputador\\src\\lib\\vitest-examples\\Welcome.svelte": {
    "path": "C:\\Users\\Javier\\git\\imputador\\src\\lib\\vitest-examples\\Welcome.svelte",
    "statementMap": {
      "0": {
        "start": { "line": 4, "column": 12 },
        "end": { "line": 4, "column": 28 }
      },
      "1": {
        "start": { "line": 4, "column": 33 },
        "end": { "line": 4, "column": null }
      },
      "2": {
        "start": { "line": 7, "column": 3 },
        "end": { "line": 7, "column": 5 }
      },
      "3": {
        "start": { "line": 7, "column": 1 },
        "end": { "line": 7, "column": 5 }
      },
      "4": {
        "start": { "line": 8, "column": 2 },
        "end": { "line": 7, "column": 5 }
      },
      "5": {
        "start": { "line": 8, "column": 1 },
        "end": { "line": 8, "column": 4 }
      },
      "6": {
        "start": { "line": 7, "column": 5 },
        "end": { "line": 7, "column": null }
      },
      "7": {
        "start": { "line": 8, "column": 4 },
        "end": { "line": 8, "column": null }
      }
    },
    "fnMap": {
      "0": {
        "name": "Welcome",
        "decl": {
          "start": { "line": 1, "column": 0 },
          "end": { "line": 1, "column": 1 }
        },
        "loc": {
          "start": { "line": 1, "column": 0 },
          "end": { "line": 5, "column": null }
        },
        "line": 1
      },
      "1": {
        "name": "(anonymous_1)",
        "decl": {
          "start": { "line": 7, "column": 5 },
          "end": { "line": 7, "column": 10 }
        },
        "loc": {
          "start": { "line": 7, "column": 5 },
          "end": { "line": 7, "column": null }
        },
        "line": 7
      },
      "2": {
        "name": "(anonymous_2)",
        "decl": {
          "start": { "line": 7, "column": 15 },
          "end": { "line": 7, "column": null }
        },
        "loc": {
          "start": { "line": 8, "column": 4 },
          "end": { "line": 8, "column": null }
        },
        "line": 8
      }
    },
    "branchMap": {},
    "s": { "0": 1, "1": 1, "2": 1, "3": 1, "4": 1, "5": 1, "6": 1, "7": 1 },
    "f": { "0": 1, "1": 1, "2": 1 },
    "b": {},
    "meta": {
      "lastBranch": 0,
      "lastFunction": 3,
      "lastStatement": 8,
      "seen": {
        "f:1:0:1:1": 0,
        "s:4:12:4:28": 0,
        "s:4:33:4:Infinity": 1,
        "s:7:3:7:5": 2,
        "s:7:1:7:5": 3,
        "s:8:2:7:5": 4,
        "s:8:1:8:4": 5,
        "f:7:5:7:10": 1,
        "s:7:5:7:Infinity": 6,
        "f:7:15:7:Infinity": 2,
        "s:8:4:8:Infinity": 7
      }
    }
  },
  "C:\\Users\\Javier\\git\\imputador\\src\\lib\\vitest-examples\\greet.ts": {
    "path": "C:\\Users\\Javier\\git\\imputador\\src\\lib\\vitest-examples\\greet.ts",
    "statementMap": {
      "0": {
        "start": { "line": 2, "column": 2 },
        "end": { "line": 2, "column": null }
      }
    },
    "fnMap": {
      "0": {
        "name": "greet",
        "decl": {
          "start": { "line": 1, "column": 16 },
          "end": { "line": 1, "column": 22 }
        },
        "loc": {
          "start": { "line": 1, "column": 44 },
          "end": { "line": 2, "column": null }
        },
        "line": 1
      }
    },
    "branchMap": {},
    "s": { "0": 3 },
    "f": { "0": 3 },
    "b": {},
    "meta": {
      "lastBranch": 0,
      "lastFunction": 1,
      "lastStatement": 1,
      "seen": { "f:1:16:1:22": 0, "s:2:2:2:Infinity": 0 }
    }
  },
  "C:\\Users\\Javier\\git\\imputador\\src\\routes\\+layout.svelte": {
    "path": "C:\\Users\\Javier\\git\\imputador\\src\\routes\\+layout.svelte",
    "statementMap": {
      "0": {
        "start": { "line": 12, "column": 5 },
        "end": { "line": 12, "column": null }
      },
      "1": {
        "start": { "line": 8, "column": 1 },
        "end": { "line": 9, "column": 25 }
      },
      "2": {
        "start": { "line": 9, "column": 7 },
        "end": { "line": 9, "column": 25 }
      },
      "3": {
        "start": { "line": 9, "column": 3 },
        "end": { "line": 9, "column": null }
      },
      "4": {
        "start": { "line": 9, "column": 3 },
        "end": { "line": 9, "column": 25 }
      },
      "5": {
        "start": { "line": 12, "column": 1 },
        "end": { "line": 12, "column": null }
      }
    },
    "fnMap": {
      "0": {
        "name": "_layout",
        "decl": {
          "start": { "line": 1, "column": 0 },
          "end": { "line": 1, "column": 1 }
        },
        "loc": {
          "start": { "line": 1, "column": 0 },
          "end": { "line": 6, "column": null }
        },
        "line": 1
      },
      "1": {
        "name": "(anonymous_1)",
        "decl": {
          "start": { "line": 8, "column": 12 },
          "end": { "line": 8, "column": null }
        },
        "loc": {
          "start": { "line": 8, "column": 12 },
          "end": { "line": 9, "column": 25 }
        },
        "line": 8
      },
      "2": {
        "name": "(anonymous_2)",
        "decl": {
          "start": { "line": 9, "column": 3 },
          "end": { "line": 9, "column": 7 }
        },
        "loc": {
          "start": { "line": 9, "column": 3 },
          "end": { "line": 9, "column": null }
        },
        "line": 9
      }
    },
    "branchMap": {},
    "s": { "0": 1, "1": 1, "2": 1, "3": 1, "4": 1, "5": 1 },
    "f": { "0": 1, "1": 1, "2": 1 },
    "b": {},
    "meta": {
      "lastBranch": 0,
      "lastFunction": 0,
      "lastStatement": 0,
      "seen": {}
    }
  },
  "C:\\Users\\Javier\\git\\imputador\\src\\routes\\+page.svelte": {
    "path": "C:\\Users\\Javier\\git\\imputador\\src\\routes\\+page.svelte",
    "statementMap": {},
    "fnMap": {},
    "branchMap": {},
    "s": {},
    "f": {},
    "b": {},
    "meta": {
      "lastBranch": 0,
      "lastFunction": 0,
      "lastStatement": 0,
      "seen": {}
    }
  }
}
