{
  "C:\\Users\\Javier\\git\\imputador\\src\\lib\\db.ts": {
    "path": "C:\\Users\\Javier\\git\\imputador\\src\\lib\\db.ts",
    "statementMap": {
      "0": {
        "start": { "line": 31, "column": 2 },
        "end": { "line": 45, "column": null }
      },
      "1": {
        "start": { "line": 34, "column": 24 },
        "end": { "line": 37, "column": 8 }
      },
      "2": {
        "start": { "line": 38, "column": 6 },
        "end": { "line": 38, "column": null }
      },
      "3": {
        "start": { "line": 41, "column": 6 },
        "end": { "line": 43, "column": null }
      }
    },
    "fnMap": {
      "0": {
        "name": "initDB",
        "decl": {
          "start": { "line": 30, "column": 22 },
          "end": { "line": 30, "column": 29 }
        },
        "loc": {
          "start": { "line": 30, "column": 85 },
          "end": { "line": 45, "column": null }
        },
        "line": 30
      },
      "1": {
        "name": "(anonymous_1)",
        "decl": {
          "start": { "line": 32, "column": 4 },
          "end": { "line": 32, "column": 12 }
        },
        "loc": {
          "start": { "line": 32, "column": 16 },
          "end": { "line": 45, "column": 4 }
        },
        "line": 32
      }
    },
    "branchMap": {
      "0": {
        "loc": {
          "start": { "line": 30, "column": 29 },
          "end": { "line": 30, "column": 85 }
        },
        "type": "default-arg",
        "locations": [
          {
            "start": { "line": 30, "column": 46 },
            "end": { "line": 30, "column": 85 }
          }
        ],
        "line": 30
      }
    },
    "s": { "0": 2, "1": 2, "2": 2, "3": 2 },
    "f": { "0": 2, "1": 2 },
    "b": { "0": [2] },
    "meta": {
      "lastBranch": 1,
      "lastFunction": 2,
      "lastStatement": 4,
      "seen": {
        "f:30:22:30:29": 0,
        "b:30:46:30:85": 0,
        "s:31:2:45:Infinity": 0,
        "f:32:4:32:12": 1,
        "s:34:24:37:8": 1,
        "s:38:6:38:Infinity": 2,
        "s:41:6:43:Infinity": 3
      }
    }
  },
  "C:\\Users\\Javier\\git\\imputador\\src\\lib\\index.ts": {
    "path": "C:\\Users\\Javier\\git\\imputador\\src\\lib\\index.ts",
    "statementMap": {},
    "fnMap": {},
    "branchMap": {},
    "s": {},
    "f": {},
    "b": {},
    "meta": {
      "lastBranch": 0,
      "lastFunction": 0,
      "lastStatement": 0,
      "seen": {}
    }
  },
  "C:\\Users\\Javier\\git\\imputador\\src\\lib\\vitest-examples\\Welcome.svelte": {
    "path": "C:\\Users\\Javier\\git\\imputador\\src\\lib\\vitest-examples\\Welcome.svelte",
    "statementMap": {
      "0": {
        "start": { "line": 4, "column": 12 },
        "end": { "line": 4, "column": 28 }
      },
      "1": {
        "start": { "line": 4, "column": 33 },
        "end": { "line": 4, "column": null }
      },
      "2": {
        "start": { "line": 7, "column": 3 },
        "end": { "line": 7, "column": 5 }
      },
      "3": {
        "start": { "line": 7, "column": 1 },
        "end": { "line": 7, "column": 5 }
      },
      "4": {
        "start": { "line": 8, "column": 2 },
        "end": { "line": 7, "column": 5 }
      },
      "5": {
        "start": { "line": 8, "column": 1 },
        "end": { "line": 8, "column": 4 }
      },
      "6": {
        "start": { "line": 7, "column": 5 },
        "end": { "line": 7, "column": null }
      },
      "7": {
        "start": { "line": 8, "column": 4 },
        "end": { "line": 8, "column": null }
      }
    },
    "fnMap": {
      "0": {
        "name": "Welcome",
        "decl": {
          "start": { "line": 1, "column": 0 },
          "end": { "line": 1, "column": 1 }
        },
        "loc": {
          "start": { "line": 1, "column": 0 },
          "end": { "line": 5, "column": null }
        },
        "line": 1
      },
      "1": {
        "name": "(anonymous_1)",
        "decl": {
          "start": { "line": 7, "column": 5 },
          "end": { "line": 7, "column": 10 }
        },
        "loc": {
          "start": { "line": 7, "column": 5 },
          "end": { "line": 7, "column": null }
        },
        "line": 7
      },
      "2": {
        "name": "(anonymous_2)",
        "decl": {
          "start": { "line": 7, "column": 15 },
          "end": { "line": 7, "column": null }
        },
        "loc": {
          "start": { "line": 8, "column": 4 },
          "end": { "line": 8, "column": null }
        },
        "line": 8
      }
    },
    "branchMap": {},
    "s": { "0": 1, "1": 1, "2": 1, "3": 1, "4": 1, "5": 1, "6": 1, "7": 1 },
    "f": { "0": 1, "1": 1, "2": 1 },
    "b": {},
    "meta": {
      "lastBranch": 0,
      "lastFunction": 3,
      "lastStatement": 8,
      "seen": {
        "f:1:0:1:1": 0,
        "s:4:12:4:28": 0,
        "s:4:33:4:Infinity": 1,
        "s:7:3:7:5": 2,
        "s:7:1:7:5": 3,
        "s:8:2:7:5": 4,
        "s:8:1:8:4": 5,
        "f:7:5:7:10": 1,
        "s:7:5:7:Infinity": 6,
        "f:7:15:7:Infinity": 2,
        "s:8:4:8:Infinity": 7
      }
    }
  },
  "C:\\Users\\Javier\\git\\imputador\\src\\lib\\vitest-examples\\greet.ts": {
    "path": "C:\\Users\\Javier\\git\\imputador\\src\\lib\\vitest-examples\\greet.ts",
    "statementMap": {
      "0": {
        "start": { "line": 2, "column": 2 },
        "end": { "line": 2, "column": null }
      }
    },
    "fnMap": {
      "0": {
        "name": "greet",
        "decl": {
          "start": { "line": 1, "column": 16 },
          "end": { "line": 1, "column": 22 }
        },
        "loc": {
          "start": { "line": 1, "column": 44 },
          "end": { "line": 2, "column": null }
        },
        "line": 1
      }
    },
    "branchMap": {},
    "s": { "0": 3 },
    "f": { "0": 3 },
    "b": {},
    "meta": {
      "lastBranch": 0,
      "lastFunction": 1,
      "lastStatement": 1,
      "seen": { "f:1:16:1:22": 0, "s:2:2:2:Infinity": 0 }
    }
  },
  "C:\\Users\\Javier\\git\\imputador\\src\\routes\\+layout.svelte": {
    "path": "C:\\Users\\Javier\\git\\imputador\\src\\routes\\+layout.svelte",
    "statementMap": {
      "0": {
        "start": { "line": 12, "column": 5 },
        "end": { "line": 12, "column": null }
      },
      "1": {
        "start": { "line": 8, "column": 1 },
        "end": { "line": 9, "column": 25 }
      },
      "2": {
        "start": { "line": 9, "column": 7 },
        "end": { "line": 9, "column": 25 }
      },
      "3": {
        "start": { "line": 9, "column": 3 },
        "end": { "line": 9, "column": null }
      },
      "4": {
        "start": { "line": 9, "column": 3 },
        "end": { "line": 9, "column": 25 }
      },
      "5": {
        "start": { "line": 12, "column": 1 },
        "end": { "line": 12, "column": null }
      }
    },
    "fnMap": {
      "0": {
        "name": "_layout",
        "decl": {
          "start": { "line": 1, "column": 0 },
          "end": { "line": 1, "column": 1 }
        },
        "loc": {
          "start": { "line": 1, "column": 0 },
          "end": { "line": 6, "column": null }
        },
        "line": 1
      },
      "1": {
        "name": "(anonymous_1)",
        "decl": {
          "start": { "line": 8, "column": 12 },
          "end": { "line": 8, "column": null }
        },
        "loc": {
          "start": { "line": 8, "column": 12 },
          "end": { "line": 9, "column": 25 }
        },
        "line": 8
      },
      "2": {
        "name": "(anonymous_2)",
        "decl": {
          "start": { "line": 9, "column": 3 },
          "end": { "line": 9, "column": 7 }
        },
        "loc": {
          "start": { "line": 9, "column": 3 },
          "end": { "line": 9, "column": null }
        },
        "line": 9
      }
    },
    "branchMap": {},
    "s": { "0": 1, "1": 1, "2": 1, "3": 1, "4": 1, "5": 1 },
    "f": { "0": 1, "1": 1, "2": 1 },
    "b": {},
    "meta": {
      "lastBranch": 0,
      "lastFunction": 3,
      "lastStatement": 6,
      "seen": {
        "f:1:0:1:1": 0,
        "s:12:5:12:Infinity": 0,
        "s:8:1:9:25": 1,
        "f:8:12:8:Infinity": 1,
        "s:9:7:9:25": 2,
        "s:9:3:9:Infinity": 3,
        "f:9:3:9:7": 2,
        "s:9:3:9:25": 4,
        "s:12:1:12:Infinity": 5
      }
    }
  },
  "C:\\Users\\Javier\\git\\imputador\\src\\routes\\+page.svelte": {
    "path": "C:\\Users\\Javier\\git\\imputador\\src\\routes\\+page.svelte",
    "statementMap": {},
    "fnMap": {},
    "branchMap": {},
    "s": {},
    "f": {},
    "b": {},
    "meta": {
      "lastBranch": 0,
      "lastFunction": 0,
      "lastStatement": 0,
      "seen": {}
    }
  }
}
